data dir:  /Users/vosslab/nsh/emwy-video-editor/tr_config
video dir: /Users/vosslab/nsh/emwy-video-editor/TRACK_VIDEOS
output:    /Users/vosslab/nsh/emwy-video-editor/output_smoke

found 7 videos with solved intervals

--- Hononega-Orion_600m-IMG_3702.mkv ---
  2816x1584 60.0fps 5536 frames (92.3s)
  875 solved intervals
  anchor_to_seeds: corrected 1203 frames, pinned 449 visible seeds
  erasing trajectory near 14 seeds
  trajectory: 5471 frames, 559 seeds
  output: 2704x1520
  dominant symptom: mixed
  center jerk p95: 2.693
  height jerk p95: 9.0
  crop size CV: 0.1712
  chatter: 22.2%
  low conf: 27.9%
  instability regions: 90
  composition:
    center offset p95: 0.2314
    edge margin p05: 351.467
    edge touch count: 0
    bad frame fraction: 0.0618
    bad run max length: 78
  center offset p95: 0.2314
  edge touch count: 0
  bad frame fraction: 0.0618

--- Hononega-Varsity_4x400m-IMG_3707.mkv ---
  2816x1584 60.0fps 15173 frames (252.9s)
  937 solved intervals
  anchor_to_seeds: corrected 7714 frames, pinned 541 visible seeds
  trajectory: 15123 frames, 695 seeds
  output: 2716x1528
  dominant symptom: low_confidence_drift_dominated
  center jerk p95: 16.53
  height jerk p95: 5.0
  crop size CV: 0.1646
  chatter: 12.3%
  low conf: 37.1%
  instability regions: 247
  composition:
    center offset p95: 0.4482
    edge margin p05: 154.5258
    edge touch count: 221
    bad frame fraction: 0.1498
    bad run max length: 367
  center offset p95: 0.4482
  edge touch count: 221
  bad frame fraction: 0.1498

--- IMG_3627.MOV ---
  2816x1584 60.0fps 8230 frames (137.2s)
  57 solved intervals
  anchor_to_seeds: corrected 7233 frames, pinned 44 visible seeds
  trajectory: 8008 frames, 58 seeds
  output: 1414x794
  dominant symptom: low_confidence_drift_dominated
  center jerk p95: 2.0
  height jerk p95: 2.0
  crop size CV: 0.3928
  chatter: 24.3%
  low conf: 76.5%
  instability regions: 104
  composition:
    center offset p95: 0.4909
    edge margin p05: 3.1304
    edge touch count: 425
    bad frame fraction: 0.1623
    bad run max length: 245
  center offset p95: 0.4909
  edge touch count: 425
  bad frame fraction: 0.1623

--- IMG_3629.mkv ---
  2816x1584 60.0fps 17414 frames (290.2s)
  366 solved intervals
  dropped 48 legacy obstructed seed(s) with no position data
  anchor_to_seeds: corrected 12683 frames, pinned 278 visible seeds
  erasing trajectory near 10 seeds
  trajectory: 17205 frames, 377 seeds
  output: 1658x932
  dominant symptom: lateral_jitter_dominated
  center jerk p95: 4.0
  height jerk p95: 5.0
  crop size CV: 0.3511
  chatter: 19.8%
  low conf: 59.6%
  instability regions: 232
  composition:
    center offset p95: 0.5251
    edge margin p05: -3.3416
    edge touch count: 1065
    bad frame fraction: 0.2383
    bad run max length: 516
  center offset p95: 0.5251
  edge touch count: 1065
  bad frame fraction: 0.2383

--- IMG_3823.MP4 ---
  1280x720 30.0fps 4084 frames (136.1s)
  769 solved intervals
  anchor_to_seeds: corrected 211 frames, pinned 583 visible seeds
  erasing trajectory near 16 seeds
  trajectory: 4083 frames, 718 seeds
  output: 498x280
  dominant symptom: lateral_jitter_dominated
  center jerk p95: 1.803
  height jerk p95: 2.0
  crop size CV: 0.3632
  chatter: 31.2%
  low conf: 18.8%
  instability regions: 55
  composition:
    center offset p95: 0.1606
    edge margin p05: 87.5835
    edge touch count: 0
    bad frame fraction: 0.0
    bad run max length: 0
  center offset p95: 0.1606
  edge touch count: 0
  bad frame fraction: 0.0

--- IMG_3830.MP4 ---
  1280x720 30.0fps 4223 frames (140.8s)
  1583 solved intervals
  anchor_to_seeds: corrected 228 frames, pinned 1056 visible seeds
  erasing trajectory near 54 seeds
  trajectory: 4217 frames, 1580 seeds
  output: 652x366
  dominant symptom: lateral_jitter_dominated
  center jerk p95: 4.743
  height jerk p95: 7.0
  crop size CV: 0.3513
  chatter: 18.3%
  low conf: 23.5%
  instability regions: 59
  composition:
    center offset p95: 0.4051
    edge margin p05: 97.9239
    edge touch count: 0
    bad frame fraction: 0.2586
    bad run max length: 388
  center offset p95: 0.4051
  edge touch count: 0
  bad frame fraction: 0.2586

--- canon_60d_600m_zoom.MP4 ---
  1280x720 30.0fps 2886 frames (96.2s)
  412 solved intervals
  anchor_to_seeds: corrected 572 frames, pinned 351 visible seeds
  erasing trajectory near 1 seeds
  trajectory: 2813 frames, 397 seeds
  output: 936x526
  dominant symptom: lateral_jitter_dominated
  center jerk p95: 1.803
  height jerk p95: 1.0
  crop size CV: 0.0966
  chatter: 38.1%
  low conf: 19.1%
  instability regions: 34
  composition:
    center offset p95: 0.0851
    edge margin p05: 161.9636
    edge touch count: 0
    bad frame fraction: 0.0
    bad run max length: 0
  center offset p95: 0.0851
  edge touch count: 0
  bad frame fraction: 0.0

wrote: /Users/vosslab/nsh/emwy-video-editor/output_smoke/crop_path_stability.csv


## Cross-video crop-path stability comparison

| Video | Dur(s) | CJerk p95 | HJerk p95 | SizeCV | Chatter% | LowConf% | Regions | Symptom |
| --- | --- | --- | --- | --- | --- | --- | --- | --- |
| Hononega-Orion_600m-IM... | 92 | 2.69 | 9.00 | 0.171 | 22.2 | 27.9 | 90 | mixed |
| Hononega-Varsity_4x400... | 253 | 16.53 | 5.00 | 0.165 | 12.3 | 37.1 | 247 | low_confidence_drift_dominated |
| IMG_3627.MOV | 137 | 2.00 | 2.00 | 0.393 | 24.3 | 76.5 | 104 | low_confidence_drift_dominated |
| IMG_3629.mkv | 290 | 4.00 | 5.00 | 0.351 | 19.8 | 59.6 | 232 | lateral_jitter_dominated |
| IMG_3823.MP4 | 136 | 1.80 | 2.00 | 0.363 | 31.2 | 18.8 | 55 | lateral_jitter_dominated |
| IMG_3830.MP4 | 141 | 4.74 | 7.00 | 0.351 | 18.3 | 23.5 | 59 | lateral_jitter_dominated |
| canon_60d_600m_zoom.MP4 | 96 | 1.80 | 1.00 | 0.097 | 38.1 | 19.1 | 34 | lateral_jitter_dominated |


## Solver context comparison

| Video | Seeds/min | Deserts | Conv med | Conv p90 | ID score | Margin |
| --- | --- | --- | --- | --- | --- | --- |
| Hononega-Orion_600m-IM... | 368.5 | 0 | 99.5 | 636.8 | 0.435 | 1.000 |
| Hononega-Varsity_4x400... | 165.5 | 0 | 265.9 | 1230.0 | 0.416 | 0.952 |
| IMG_3627.MOV | 26.8 | 2 | 304.5 | 1814.2 | 0.491 | 0.986 |
| IMG_3629.mkv | 79.1 | 9 | 237.1 | 1181.8 | 0.471 | 1.000 |
| IMG_3823.MP4 | 316.7 | 0 | 5.5 | 22.7 | 0.500 | 1.000 |
| IMG_3830.MP4 | 676.8 | 0 | 4.6 | 16.3 | 0.691 | 1.000 |
| canon_60d_600m_zoom.MP4 | 255.0 | 0 | 14.6 | 52.5 | 0.389 | 0.272 |


## Composition quality comparison

| Video | CtrOff p95 | EdgeM p05 | EdgeTouch | BadFr% | BadRun | BadCtr% | BadEdg% | BadZm% |
| --- | --- | --- | --- | --- | --- | --- | --- | --- |
| Hononega-Orion_600m-IM... | 0.2314 | 351.467 | 0 | 6.18 | 78 | 3.6799999999999997 | 0.0 | 2.4899999999999998 |
| Hononega-Varsity_4x400... | 0.4482 | 154.5258 | 221 | 14.979999999999999 | 367 | 14.979999999999999 | 3.0 | 0.0 |
| IMG_3627.MOV | 0.4909 | 3.1304 | 425 | 16.23 | 245 | 14.95 | 7.8 | 1.29 |
| IMG_3629.mkv | 0.5251 | -3.3416 | 1065 | 23.830000000000002 | 516 | 21.13 | 11.98 | 2.19 |
| IMG_3823.MP4 | 0.1606 | 87.5835 | 0 | 0.0 | 0 | 0.0 | 0.0 | 0.0 |
| IMG_3830.MP4 | 0.4051 | 97.9239 | 0 | 25.86 | 388 | 19.49 | 0.73 | 7.55 |
| canon_60d_600m_zoom.MP4 | 0.0851 | 161.9636 | 0 | 0.0 | 0 | 0.0 | 0.0 | 0.0 |


analyzed 7 videos
CSV: /Users/vosslab/nsh/emwy-video-editor/output_smoke/crop_path_stability.csv
